Using pre-set license
Built from '2020.3/staging' branch; Version is '2020.3.13f1 (71691879b7f5) revision 7432472'; Using compiler version '192528614'; Build Type 'Release'
OS: 'Windows 10 Pro; OS build 22000.795; Version 2009; 64bit' Language: 'en' Physical Memory: 32675 MB
BatchMode: 1, IsHumanControllingUs: 0, StartBugReporterOnCrash: 0, Is64bit: 1, IsPro: 0

 COMMAND LINE ARGUMENTS:
C:\Program Files\Unity\Hub\Editor\2020.3.13f1\Editor\Unity.exe
-adb2
-batchMode
-noUpm
-name
AssetImportWorker0
-projectPath
C:/Users/reaga/OneDrive/Documents/uni/capstone/repo/Capstone-IT/Skills 4 life app/Assets
-logFile
Logs/AssetImportWorker0.log
-srvPort
60034
Successfully changed project path to: C:/Users/reaga/OneDrive/Documents/uni/capstone/repo/Capstone-IT/Skills 4 life app/Assets
C:/Users/reaga/OneDrive/Documents/uni/capstone/repo/Capstone-IT/Skills 4 life app/Assets
Using Asset Import Pipeline V2.
Refreshing native plugins compatible for Editor in 24.31 ms, found 2 plugins.
Preloading 0 native plugins for Editor in 0.00 ms.
Initialize engine version: 2020.3.13f1 (71691879b7f5)
[Subsystems] Discovering subsystems at path C:/Program Files/Unity/Hub/Editor/2020.3.13f1/Editor/Data/Resources/UnitySubsystems
[Subsystems] Discovering subsystems at path C:/Users/reaga/OneDrive/Documents/uni/capstone/repo/Capstone-IT/Skills 4 life app/Assets/Assets
GfxDevice: creating device client; threaded=0
Direct3D:
    Version:  Direct3D 11.0 [level 11.1]
    Renderer: NVIDIA GeForce GTX 1660 Ti (ID=0x2191)
    Vendor:   
    VRAM:     5991 MB
    Driver:   30.0.14.7219
Initialize mono
Mono path[0] = 'C:/Program Files/Unity/Hub/Editor/2020.3.13f1/Editor/Data/Managed'
Mono path[1] = 'C:/Program Files/Unity/Hub/Editor/2020.3.13f1/Editor/Data/MonoBleedingEdge/lib/mono/unityjit'
Mono config path = 'C:/Program Files/Unity/Hub/Editor/2020.3.13f1/Editor/Data/MonoBleedingEdge/etc'
Using monoOptions --debugger-agent=transport=dt_socket,embedding=1,server=y,suspend=n,address=127.0.0.1:56760
Begin MonoManager ReloadAssembly
Registering precompiled unity dll's ...
Register platform support module: C:/Program Files/Unity/Hub/Editor/2020.3.13f1/Editor/Data/PlaybackEngines/WindowsStandaloneSupport/UnityEditor.WindowsStandalone.Extensions.dll
Registered in 0.001076 seconds.
Native extension for WindowsStandalone target not found
Refreshing native plugins compatible for Editor in 24.50 ms, found 2 plugins.
Preloading 0 native plugins for Editor in 0.00 ms.
Mono: successfully reloaded assembly
- Completed reload, in  1.578 seconds
Platform modules already initialized, skipping
Registering precompiled user dll's ...
Registered in 0.002471 seconds.
Begin MonoManager ReloadAssembly
Native extension for WindowsStandalone target not found
Refreshing native plugins compatible for Editor in 0.28 ms, found 2 plugins.
Preloading 0 native plugins for Editor in 0.00 ms.
Mono: successfully reloaded assembly
- Completed reload, in  1.034 seconds
Platform modules already initialized, skipping
========================================================================
Worker process is ready to serve import requests
Launched and connected shader compiler UnityShaderCompiler.exe after 0.03 seconds
Refreshing native plugins compatible for Editor in 0.30 ms, found 2 plugins.
Preloading 0 native plugins for Editor in 0.00 ms.
Unloading 1391 Unused Serialized files (Serialized files now loaded: 0)
System memory in use before: 65.1 MB.
System memory in use after: 65.1 MB.

Unloading 18 unused Assets to reduce memory usage. Loaded Objects now: 1825.
Total: 1.575800 ms (FindLiveObjects: 0.136800 ms CreateObjectMapping: 0.042800 ms MarkObjects: 1.346200 ms  DeleteObjects: 0.049000 ms)

AssetImportParameters requested are different than current active one (requested -> active):
  custom:framework-win-MediaFoundation: 216162199b28c13a410421893ffa2e32 -> 
  custom:video-decoder-ogg-theora: a1e56fd34408186e4bbccfd4996cb3dc -> 
  custom:container-muxer-webm: aa71ff27fc2769a1b78a27578f13a17b -> 
  custom:container-demuxer-webm: 4f35f7cbe854078d1ac9338744f61a02 -> 
  custom:container-demuxer-ogg: 62fdf1f143b41e24485cea50d1cbac27 -> 
  custom:video-encoder-webm-vp8: eb34c28f22e8b96e1ab97ce403110664 -> 
  custom:video-decoder-webm-vp8: 9c59270c3fd7afecdb556c50c9e8de78 -> 
  custom:audio-decoder-ogg-vorbis: bf7c407c2cedff20999df2af8eb42d56 -> 
  custom:audio-encoder-webm-vorbis: bf7c407c2cedff20999df2af8eb42d56 -> 
========================================================================
Received Import Request.
  path: Assets/interface things/elements_4_success_logo.png
  artifactKey: Guid(330b6a0d440e441b4aa3c87c703ce9bf) Importer(815301076,1909f56bfc062723c751e8b465ee728b)
Start importing Assets/interface things/elements_4_success_logo.png using Guid(330b6a0d440e441b4aa3c87c703ce9bf) Importer(815301076,1909f56bfc062723c751e8b465ee728b)  -> (artifact id: '93ed89dd84d91d29dd6ca91a9e6c4cba') in 0.050499 seconds 
  Import took 0.052386 seconds .

========================================================================
Received Import Request.
  Time since last request: 0.000180 seconds.
  path: Assets/interface things/Kylee on chair.jpg
  artifactKey: Guid(9cacde5dbdeba704592440fa0890a716) Importer(815301076,1909f56bfc062723c751e8b465ee728b)
Start importing Assets/interface things/Kylee on chair.jpg using Guid(9cacde5dbdeba704592440fa0890a716) Importer(815301076,1909f56bfc062723c751e8b465ee728b)  -> (artifact id: 'f3e78992e46c04729008b7c6b6e4fe3a') in 0.039406 seconds 
  Import took 0.041412 seconds .

========================================================================
Received Import Request.
  Time since last request: 0.000180 seconds.
  path: Assets/interface things/test image.png
  artifactKey: Guid(d86cf8f68f1b3fd4183221ff88865958) Importer(815301076,1909f56bfc062723c751e8b465ee728b)
Start importing Assets/interface things/test image.png using Guid(d86cf8f68f1b3fd4183221ff88865958) Importer(815301076,1909f56bfc062723c751e8b465ee728b)  -> (artifact id: '4a7a8d4c2f43a1ba1ace6aad1add65de') in 0.011087 seconds 
  Import took 0.013852 seconds .

========================================================================
Received Import Request.
  Time since last request: 0.000235 seconds.
  path: Assets/interface things
  artifactKey: Guid(8b1aa7c829dd88d4082a05c06554f9b7) Importer(815301076,1909f56bfc062723c751e8b465ee728b)
Start importing Assets/interface things using Guid(8b1aa7c829dd88d4082a05c06554f9b7) Importer(815301076,1909f56bfc062723c751e8b465ee728b)  -> (artifact id: '53081c63b30919d27fdb1bddacbb619d') in 0.002171 seconds 
  Import took 0.005489 seconds .

========================================================================
Received Import Request.
  Time since last request: 3.265588 seconds.
  path: Assets/user stuff
  artifactKey: Guid(1f191d683faf33a42939f2e0a0da87ae) Importer(815301076,1909f56bfc062723c751e8b465ee728b)
Start importing Assets/user stuff using Guid(1f191d683faf33a42939f2e0a0da87ae) Importer(815301076,1909f56bfc062723c751e8b465ee728b)  -> (artifact id: '71a6bdb5739291f3a4a0110f23d914fb') in 0.001372 seconds 
  Import took 0.003312 seconds .

========================================================================
Received Import Request.
  Time since last request: 0.058621 seconds.
  path: Assets/user stuff/video Render texture.renderTexture
  artifactKey: Guid(4de222da7a2b21c4294745a9e422d22a) Importer(815301076,1909f56bfc062723c751e8b465ee728b)
Start importing Assets/user stuff/video Render texture.renderTexture using Guid(4de222da7a2b21c4294745a9e422d22a) Importer(815301076,1909f56bfc062723c751e8b465ee728b)  -> (artifact id: '126b05f36f189c1781103d58e73650f5') in 0.020359 seconds 
  Import took 0.022435 seconds .

========================================================================
Received Import Request.
  Time since last request: 1.251746 seconds.
  path: Assets/user stuff/VideoLoader.cs
  artifactKey: Guid(aff9d443fdcfd8847b6e6f4c96f43b3b) Importer(815301076,1909f56bfc062723c751e8b465ee728b)
Start importing Assets/user stuff/VideoLoader.cs using Guid(aff9d443fdcfd8847b6e6f4c96f43b3b) Importer(815301076,1909f56bfc062723c751e8b465ee728b)  -> (artifact id: '6237f4a1ee16f4d95bfb307514f7af15') in 0.004095 seconds 
  Import took 0.006442 seconds .

========================================================================
Received Import Request.
  Time since last request: 0.022306 seconds.
  path: Assets/user stuff/VideoLoader.cs
  artifactKey: Guid(aff9d443fdcfd8847b6e6f4c96f43b3b) Importer(815301076,1909f56bfc062723c751e8b465ee728b)
Start importing Assets/user stuff/VideoLoader.cs using Guid(aff9d443fdcfd8847b6e6f4c96f43b3b) Importer(815301076,1909f56bfc062723c751e8b465ee728b)  -> (artifact id: '6237f4a1ee16f4d95bfb307514f7af15') in 0.001237 seconds 
  Import took 0.003273 seconds .

AssetImportWorkerClient::OnTransportError - code=2 error=End of file
